2024-09-03 20:50:28,752 INFO: 
                ____                _       _____  ____
               / __ ) ____ _ _____ (_)_____/ ___/ / __ \
              / __  |/ __ `// ___// // ___/\__ \ / /_/ /
             / /_/ // /_/ /(__  )/ // /__ ___/ // _, _/
            /_____/ \__,_//____//_/ \___//____//_/ |_|
     ______                   __   __                 __      __
    / ____/____   ____   ____/ /  / /   __  __ _____ / /__   / /
   / / __ / __ \ / __ \ / __  /  / /   / / / // ___// //_/  / /
  / /_/ // /_/ // /_/ // /_/ /  / /___/ /_/ // /__ / /<    /_/
  \____/ \____/ \____/ \____/  /_____/\____/ \___//_/|_|  (_)
    
Version Information: 
	BasicSR: 1.3.5
	PyTorch: 2.4.0+cu121
	TorchVision: 0.19.0+cu121
2024-09-03 20:50:28,752 INFO: 
  name: get_cali_data_x2
  model_type: PTQModel
  scale: 2
  num_gpu: 1
  manual_seed: 0
  gpu: 0
  cali_data_save_path: /data/user/tourist/calidata/cali_data_100_x2.pth
  datasets:[
    train:[
      task: SR
      name: DF2K
      type: PairedImageDataset
      dataroot_gt: /data/dataset/SR/DF2K/HR
      dataroot_lq: /data/dataset/SR/DF2K/LR_bicubic/X2
      filename_tmpl: {}x2
      io_backend:[
        type: disk
      ]
      gt_size: 128
      use_hflip: True
      use_rot: True
      use_shuffle: True
      num_worker_per_gpu: 0
      batch_size_per_gpu: 32
      dataset_enlarge_ratio: 1
      prefetch_mode: None
      phase: train
      scale: 2
    ]
    val:[
      task: SR
      name: Set5
      type: PairedImageDataset
      dataroot_gt: /data/dataset/SR/benchmark/Set5/HR
      dataroot_lq: /data/dataset/SR/benchmark/Set5/LR_bicubic/X2
      filename_tmpl: {}x2
      io_backend:[
        type: disk
      ]
      phase: val
      scale: 2
    ]
  ]
  train:[
    total_iter: 3000
    warmup_iter: -1
  ]
  path:[
    pretrain_network_FP: /data/pretrained/SwinIR/002_lightweightSR_DIV2K_s64w8_SwinIR-S_x2.pth
    strict_load_FP: True
    experiments_root: /data/user/tourist/mixed-percision-quantization-for-SwinIR/experiments/get_cali_data_x2
    models: /data/user/tourist/mixed-percision-quantization-for-SwinIR/experiments/get_cali_data_x2/models
    training_states: /data/user/tourist/mixed-percision-quantization-for-SwinIR/experiments/get_cali_data_x2/training_states
    log: /data/user/tourist/mixed-percision-quantization-for-SwinIR/experiments/get_cali_data_x2
    visualization: /data/user/tourist/mixed-percision-quantization-for-SwinIR/experiments/get_cali_data_x2/visualization
  ]
  logger:[
    print_freq: 10
    save_checkpoint_freq: 500.0
    use_tb_logger: False
    wandb:[
      project: None
      resume_id: None
    ]
  ]
  dist_params:[
    backend: nccl
    port: 29500
  ]
  dist: False
  rank: 0
  world_size: 1
  auto_resume: False
  is_train: True
  root_path: /data/user/tourist/mixed-percision-quantization-for-SwinIR

2024-09-03 20:50:28,899 INFO: Dataset [PairedImageDataset] - DF2K is built.
2024-09-03 20:50:28,900 INFO: Dataset [PairedImageDataset] - Set5 is built.
2024-09-03 20:50:28,900 INFO: Number of val images/folders in Set5: 5
2024-09-03 20:50:28,930 INFO: Start training from epoch: 0, iter: 0
